\BOOKMARK [1][-]{section.1}{\376\377\000I\000n\000t\000r\000o\000d\000u\000c\000t\000i\000o\000n}{}% 1
\BOOKMARK [1][-]{section.2}{\376\377\000S\000y\000s\000t\000e\000m\000\040\000D\000e\000s\000i\000g\000n}{}% 2
\BOOKMARK [2][-]{subsection.2.1}{\376\377\000R\000e\000q\000u\000i\000r\000e\000m\000e\000n\000t\000s}{section.2}% 3
\BOOKMARK [2][-]{subsection.2.2}{\376\377\000U\000s\000e\000\040\000C\000a\000s\000e\000\040\000D\000i\000a\000g\000r\000a\000m}{section.2}% 4
\BOOKMARK [2][-]{subsection.2.3}{\376\377\000U\000s\000e\000\040\000C\000a\000s\000e\000\040\000D\000e\000s\000c\000r\000i\000p\000t\000i\000o\000n}{section.2}% 5
\BOOKMARK [3][-]{subsubsection.2.3.1}{\376\377\000A\000c\000t\000o\000r\000s}{subsection.2.3}% 6
\BOOKMARK [3][-]{subsubsection.2.3.2}{\376\377\000U\000s\000e\000\040\000C\000a\000s\000e\000s}{subsection.2.3}% 7
\BOOKMARK [1][-]{section.3}{\376\377\000A\000r\000c\000h\000i\000t\000e\000c\000t\000u\000r\000e}{}% 8
\BOOKMARK [2][-]{subsection.3.1}{\376\377\000P\000a\000c\000k\000a\000g\000e\000\040\000m\000o\000d\000e\000l\000\040\000\050\000g\000r\000o\000u\000p\0007\000.\000m\000o\000d\000e\000l\000\051}{section.3}% 9
\BOOKMARK [3][-]{subsubsection.3.1.1}{\376\377\000C\000l\000a\000s\000s\000\040\000P\000r\000o\000d\000u\000c\000t}{subsection.3.1}% 10
\BOOKMARK [3][-]{subsubsection.3.1.2}{\376\377\000C\000l\000a\000s\000s\000\040\000L\000a\000p\000t\000o\000p}{subsection.3.1}% 11
\BOOKMARK [2][-]{subsection.3.2}{\376\377\000P\000a\000c\000k\000a\000g\000e\000\040\000u\000i\000\040\000\050\000U\000s\000e\000r\000\040\000I\000n\000t\000e\000r\000f\000a\000c\000e\000\040\000g\000r\000o\000u\000p\0007\000.\000u\000i\000\051}{section.3}% 12
\BOOKMARK [3][-]{subsubsection.3.2.1}{\376\377\000O\000v\000e\000r\000v\000i\000e\000w}{subsection.3.2}% 13
\BOOKMARK [3][-]{subsubsection.3.2.2}{\376\377\000P\000r\000o\000c\000e\000s\000s}{subsection.3.2}% 14
\BOOKMARK [3][-]{subsubsection.3.2.3}{\376\377\000U\000I\000\040\000D\000e\000s\000i\000g\000n}{subsection.3.2}% 15
\BOOKMARK [3][-]{subsubsection.3.2.4}{\376\377\000H\000o\000m\000e\000C\000o\000n\000t\000r\000o\000l\000l\000e\000r\000.\000j\000a\000v\000a\000\040\000C\000l\000a\000s\000s}{subsection.3.2}% 16
\BOOKMARK [3][-]{subsubsection.3.2.5}{\376\377\000N\000a\000v\000i\000g\000a\000t\000i\000o\000n\000M\000a\000n\000a\000g\000e\000r\000.\000j\000a\000v\000a\000\040\000C\000l\000a\000s\000s}{subsection.3.2}% 17
\BOOKMARK [3][-]{subsubsection.3.2.6}{\376\377\000P\000r\000o\000d\000u\000c\000t\000D\000e\000t\000a\000i\000l\000C\000o\000n\000t\000r\000o\000l\000l\000e\000r\000.\000j\000a\000v\000a\000\040\000C\000l\000a\000s\000s}{subsection.3.2}% 18
\BOOKMARK [3][-]{subsubsection.3.2.7}{\376\377\000F\000X\000M\000L\000\040\000F\000i\000l\000e\000s}{subsection.3.2}% 19
\BOOKMARK [2][-]{subsection.3.3}{\376\377\000P\000a\000c\000k\000a\000g\000e\000\040\000d\000a\000t\000a\000\040\000\050\000g\000r\000o\000u\000p\0007\000.\000d\000a\000t\000a\000\051}{section.3}% 20
\BOOKMARK [3][-]{subsubsection.3.3.1}{\376\377\000P\000a\000c\000k\000a\000g\000e\000\040\000c\000o\000l\000l\000e\000c\000t\000o\000r\000\040\000\050\000g\000r\000o\000u\000p\0007\000.\000d\000a\000t\000a\000.\000c\000o\000l\000l\000e\000c\000t\000o\000r\000\040\000\050\000D\000a\000t\000a\000C\000o\000l\000l\000e\000c\000t\000o\000r\000.\000j\000a\000v\000a\000\051\000\051}{subsection.3.3}% 21
\BOOKMARK [3][-]{subsubsection.3.3.2}{\376\377\000P\000a\000c\000k\000a\000g\000e\000\040\000s\000t\000o\000r\000a\000g\000e\000\050\000g\000r\000o\000u\000p\0007\000.\000d\000a\000t\000a\000.\000s\000t\000o\000r\000a\000g\000e\000\051}{subsection.3.3}% 22
\BOOKMARK [2][-]{subsection.3.4}{\376\377\000P\000a\000c\000k\000a\000g\000e\000\040\000r\000e\000t\000r\000i\000e\000v\000a\000l\000\040\000\050\000g\000r\000o\000u\000p\0007\000.\000r\000e\000t\000r\000i\000e\000v\000a\000l\000\051}{section.3}% 23
\BOOKMARK [3][-]{subsubsection.3.4.1}{\376\377\000C\000l\000a\000s\000s\000\040\000P\000r\000o\000d\000u\000c\000t\000W\000i\000t\000h\000S\000c\000o\000r\000e}{subsection.3.4}% 24
\BOOKMARK [3][-]{subsubsection.3.4.2}{\376\377\000C\000l\000a\000s\000s\000\040\000P\000r\000o\000d\000u\000c\000t\000S\000e\000a\000r\000c\000h\000S\000e\000r\000v\000i\000c\000e}{subsection.3.4}% 25
\BOOKMARK [3][-]{subsubsection.3.4.3}{\376\377\000C\000l\000a\000s\000s\000\040\000E\000m\000b\000e\000d\000d\000i\000n\000g\000S\000e\000r\000v\000i\000c\000e}{subsection.3.4}% 26
\BOOKMARK [2][-]{subsection.3.5}{\376\377\000P\000a\000c\000k\000a\000g\000e\000\040\000l\000l\000m\000\040\000\050\000g\000r\000o\000u\000p\0007\000.\000l\000l\000m\000\051}{section.3}% 27
\BOOKMARK [2][-]{subsection.3.6}{\376\377\000P\000a\000c\000k\000a\000g\000e\000\040\000c\000o\000n\000f\000i\000g\000\040\000\050\000g\000r\000o\000u\000p\0007\000.\000c\000o\000n\000f\000i\000g\000\051}{section.3}% 28
\BOOKMARK [1][-]{section.4}{\376\377\000T\000e\000c\000h\000n\000o\000l\000o\000g\000y\000\040\000S\000t\000a\000c\000k}{}% 29
\BOOKMARK [2][-]{subsection.4.1}{\376\377\000F\000r\000a\000m\000e\000w\000o\000r\000k\000s\000\040\000\046\000\040\000L\000i\000b\000r\000a\000r\000i\000e\000s}{section.4}% 30
\BOOKMARK [2][-]{subsection.4.2}{\376\377\000A\000l\000g\000o\000r\000i\000t\000h\000m\000s\000\040\000\046\000\040\000T\000e\000c\000h\000n\000i\000q\000u\000e\000s}{section.4}% 31
\BOOKMARK [1][-]{section.5}{\376\377\000I\000n\000s\000t\000r\000u\000c\000t\000i\000o\000n\000\040\000a\000n\000d\000\040\000D\000e\000m\000o}{}% 32
\BOOKMARK [1][-]{section.6}{\376\377\000C\000o\000n\000c\000l\000u\000s\000i\000o\000n}{}% 33
